2016/09/22 10:54:49 INFO  - jmeter.util.JMeterUtils: Setting Locale to en_US 
2016/09/22 10:54:49 INFO  - jmeter.JMeter: Loading user properties from: /home/undera/Sources/JMeter/jmeter/bin/user.properties 
2016/09/22 10:54:49 INFO  - jmeter.JMeter: Loading system properties from: /home/undera/Sources/JMeter/jmeter/bin/system.properties 
2016/09/22 10:54:49 INFO  - jmeter.JMeter: Copyright (c) 1998-2016 The Apache Software Foundation 
2016/09/22 10:54:49 INFO  - jmeter.JMeter: Version 3.0-SNAPSHOT.20160607 
2016/09/22 10:54:49 INFO  - jmeter.JMeter: java.version=1.8.0_101 
2016/09/22 10:54:49 INFO  - jmeter.JMeter: java.vm.name=Java HotSpot(TM) 64-Bit Server VM 
2016/09/22 10:54:49 INFO  - jmeter.JMeter: os.name=Linux 
2016/09/22 10:54:49 INFO  - jmeter.JMeter: os.arch=amd64 
2016/09/22 10:54:49 INFO  - jmeter.JMeter: os.version=3.13.0-95-generic 
2016/09/22 10:54:49 INFO  - jmeter.JMeter: file.encoding=UTF-8 
2016/09/22 10:54:49 INFO  - jmeter.JMeter: Max memory     =3529506816 
2016/09/22 10:54:49 INFO  - jmeter.JMeter: Available Processors =4 
2016/09/22 10:54:49 INFO  - jmeter.JMeter: Default Locale=English (United States) 
2016/09/22 10:54:49 INFO  - jmeter.JMeter: JMeter  Locale=English (United States) 
2016/09/22 10:54:49 INFO  - jmeter.JMeter: JMeterHome=/home/undera/Sources/JMeter/jmeter 
2016/09/22 10:54:49 INFO  - jmeter.JMeter: user.dir  =/home/undera/BOOTH2 
2016/09/22 10:54:49 INFO  - jmeter.JMeter: PWD       =/home/undera/BOOTH2 
2016/09/22 10:54:49 INFO  - jmeter.JMeter: IP: 127.0.1.1 Name: undera-laptop FullName: undera-laptop 
2016/09/22 10:54:50 INFO  - jmeter.gui.action.LookAndFeelCommand: Using look and feel: javax.swing.plaf.metal.MetalLookAndFeel [Metal, CrossPlatform, System] 
2016/09/22 10:54:50 INFO  - jmeter.JMeter: Loaded icon properties from org/apache/jmeter/images/icon.properties 
2016/09/22 10:54:50 INFO  - jmeter.engine.util.CompoundVariable: Note: Function class names must contain the string: '.functions.' 
2016/09/22 10:54:50 INFO  - jmeter.engine.util.CompoundVariable: Note: Function class names must not contain the string: '.gui.' 
2016/09/22 10:54:52 INFO  - org.jmeterplugins.repository.PluginManager: Plugins Status: [jpgc-sense=2.3, blazemeter-debugger=0.3, jpgc-cmd=2.1, jpgc-dummy=0.1, jmeter-http=3.0-SNAPSHOT.20160607, jmeter-core=3.0-SNAPSHOT.20160607, jpgc-json=2.3, jmeter-java=3.0-SNAPSHOT.20160607, jpgc-perfmon=2.1, jpgc-plugins-manager=0.10, jmeter-components=3.0-SNAPSHOT.20160607, websocket-sampler=1.0.2-SNAPSHOT] 
2016/09/22 10:54:52 INFO  - jmeter.JMeter: Loading file: converted/Blazedemo.java.jmx 
2016/09/22 10:54:52 INFO  - jmeter.services.FileServer: Default base='/home/undera/BOOTH2' 
2016/09/22 10:54:52 INFO  - jmeter.services.FileServer: Set new base='/home/undera/BOOTH2/converted' 
2016/09/22 10:54:52 INFO  - jmeter.save.SaveService: Testplan (JMX) version: 2.2. Testlog (JTL) version: 2.2 
2016/09/22 10:54:52 INFO  - jmeter.save.SaveService: Using SaveService properties file encoding UTF-8 
2016/09/22 10:54:52 INFO  - jmeter.save.SaveService: Using SaveService properties version 2.9 
2016/09/22 10:54:52 INFO  - jmeter.save.SaveService: All converter versions present and correct 
2016/09/22 10:54:52 INFO  - jmeter.save.SaveService: Loading file: converted/Blazedemo.java.jmx 
2016/09/22 10:54:52 INFO  - jmeter.protocol.http.control.CookieManager: Settings: Delete null: true Check: true Allow variable: true Save: false Prefix: COOKIE_ 
2016/09/22 10:54:52 INFO  - jmeter.protocol.http.sampler.HTTPSamplerBase: Parser for text/html is org.apache.jmeter.protocol.http.parser.LagartoBasedHtmlParser 
2016/09/22 10:54:52 INFO  - jmeter.protocol.http.sampler.HTTPSamplerBase: Parser for application/xhtml+xml is org.apache.jmeter.protocol.http.parser.LagartoBasedHtmlParser 
2016/09/22 10:54:52 INFO  - jmeter.protocol.http.sampler.HTTPSamplerBase: Parser for application/xml is org.apache.jmeter.protocol.http.parser.LagartoBasedHtmlParser 
2016/09/22 10:54:52 INFO  - jmeter.protocol.http.sampler.HTTPSamplerBase: Parser for text/xml is org.apache.jmeter.protocol.http.parser.LagartoBasedHtmlParser 
2016/09/22 10:54:52 INFO  - jmeter.protocol.http.sampler.HTTPSamplerBase: Parser for text/vnd.wap.wml is org.apache.jmeter.protocol.http.parser.RegexpHTMLParser 
2016/09/22 10:54:52 INFO  - jmeter.protocol.http.sampler.HTTPSamplerBase: Parser for text/css is org.apache.jmeter.protocol.http.parser.CssParser 
2016/09/22 10:54:52 INFO  - jmeter.services.FileServer: Set new base='/home/undera/BOOTH2/converted' 
2016/09/22 10:54:52 INFO  - jmeter.samplers.SampleResult: Note: Sample TimeStamps are START times 
2016/09/22 10:54:52 INFO  - jmeter.samplers.SampleResult: sampleresult.default.encoding is set to ISO-8859-1 
2016/09/22 10:54:52 INFO  - jmeter.samplers.SampleResult: sampleresult.useNanoTime=true 
2016/09/22 10:54:52 INFO  - jmeter.samplers.SampleResult: sampleresult.nanoThreadSleep=5000 
2016/09/22 10:54:53 INFO  - jmeter.util.BSFTestElement: Registering JMeter version of JavaScript engine as work-round for BSF-22 
2016/09/22 10:54:54 INFO  - jorphan.exec.KeyToolUtils: keytool found at 'keytool' 
2016/09/22 10:54:54 INFO  - jmeter.protocol.http.proxy.ProxyControl: HTTP(S) Test Script Recorder SSL Proxy will use keys that support embedded 3rd party resources in file /home/undera/Sources/JMeter/jmeter/bin/proxyserver.jks 
2016/09/22 10:54:54 INFO  - jmeter.gui.util.MenuFactory: Skipping org.apache.jmeter.visualizers.DistributionGraphVisualizer 
2016/09/22 10:54:54 INFO  - jmeter.gui.util.MenuFactory: Skipping org.apache.jmeter.visualizers.SplineVisualizer 
