[2020-10-26 11:40:32,762 INFO root] Taurus CLI Tool vDEV
[2020-10-26 11:40:32,762 DEBUG root] Build: DEV
[2020-10-26 11:40:32,762 DEBUG root] Extended git info: DEV
[2020-10-26 11:40:32,762 DEBUG root] Command-line options: {'log': '/tmp/bzt_j0pi5t34.log', 'option': None, 'quiet': None, 'verbose': True, 'no_system_configs': None, 'aliases': []}
[2020-10-26 11:40:32,762 DEBUG root] Python: CPython 3.8.5
[2020-10-26 11:40:32,762 DEBUG root] OS: uname_result(system='Linux', node='nactus', release='5.4.0-48-generic', version='#52-Ubuntu SMP Thu Sep 10 10:58:49 UTC 2020', machine='x86_64', processor='x86_64')
[2020-10-26 11:40:32,763 INFO root] Starting with configs: []
[2020-10-26 11:40:32,763 DEBUG root] Using personal config: /home/taras/.bzt-rc
[2020-10-26 11:40:32,763 INFO Engine] Configuring...
[2020-10-26 11:40:32,774 DEBUG Engine] Base configs list: ['./bzt/resources/10-base-config.yml']
[2020-10-26 11:40:32,775 DEBUG Engine.Configuration] Configs: ['./bzt/resources/10-base-config.yml']
[2020-10-26 11:40:32,775 DEBUG Engine.Configuration] Reading ./bzt/resources/10-base-config.yml as YAML
[2020-10-26 11:40:32,796 DEBUG Engine] User configs list: ['/home/taras/.bzt-rc']
[2020-10-26 11:40:32,796 DEBUG Engine.Configuration] Configs: ['/home/taras/.bzt-rc']
[2020-10-26 11:40:32,797 DEBUG Engine.Configuration] Reading /home/taras/.bzt-rc as YAML
[2020-10-26 11:40:32,800 DEBUG Engine.Configuration] Configs: ['/home/taras/.bzt-rc']
[2020-10-26 11:40:32,800 DEBUG Engine.Configuration] Reading /home/taras/.bzt-rc as YAML
[2020-10-26 11:40:32,804 DEBUG Engine] Requesting updates info: https://gettaurus.org/updates/?version=DEV&installID=linux-a5664cf7a4b9
[2020-10-26 11:40:32,804 INFO Engine] Artifacts dir: /home/taras/Projects/taurus/2020-10-26_11-40-32.804612
[2020-10-26 11:40:32,805 DEBUG HTTPClient] Making HTTP request GET https://gettaurus.org/updates/?version=DEV&installID=linux-a5664cf7a4b9
[2020-10-26 11:40:32,805 DEBUG Engine] New artifact filename: /home/taras/Projects/taurus/2020-10-26_11-40-32.804612/effective
[2020-10-26 11:40:32,806 DEBUG Engine.Configuration] Dumping YAML config into /home/taras/Projects/taurus/2020-10-26_11-40-32.804612/effective.yml
[2020-10-26 11:40:32,822 DEBUG Engine.Configuration] Dumping JSON config into /home/taras/Projects/taurus/2020-10-26_11-40-32.804612/effective.json
[2020-10-26 11:40:32,823 DEBUG urllib3.connectionpool] Starting new HTTPS connection (1): gettaurus.org:443
[2020-10-26 11:40:32,823 DEBUG Engine] Set PYTHONPATH to :
	'/home/taras/.bzt/python-packages/3.8.5'(USER) + 
	'/home/taras/Projects/taurus/2020-10-26_11-40-32.804612/python-packages/3.8.5'(TEMP) + 
	''(CURRENT)
[2020-10-26 11:40:32,823 DEBUG Engine] Content of user packages dir: %s
[2020-10-26 11:40:32,824 DEBUG Engine] OS env: OBJC_DISABLE_INITIALIZE_FORK_SAFETY=YES
[2020-10-26 11:40:32,824 DEBUG Engine] OS env: TAURUS_ARTIFACTS_DIR=/home/taras/Projects/taurus/2020-10-26_11-40-32.804612
[2020-10-26 11:40:32,824 DEBUG root] Closing log handler: /tmp/bzt_j0pi5t34.log
[2020-10-26 11:40:32,825 DEBUG root] Switched writing logs to /home/taras/Projects/taurus/2020-10-26_11-40-32.804612/bzt.log
[2020-10-26 11:40:32,825 DEBUG root] Linting config
[2020-10-26 11:40:32,826 INFO Engine] Preparing...
[2020-10-26 11:40:32,827 DEBUG Engine] Module config: consolidator {'class': 'bzt.modules.aggregator.ConsolidatingAggregator'}
[2020-10-26 11:40:32,827 DEBUG root] Importing module: bzt.modules.aggregator
[2020-10-26 11:40:33,018 DEBUG root] Loading class: 'ConsolidatingAggregator' from <module 'bzt.modules.aggregator' from '/home/taras/Projects/taurus/bzt/modules/aggregator.py'>
[2020-10-26 11:40:33,018 DEBUG Engine.consolidator] Buffer scaling setup: percentile 95.0 from [0.0, 50.0, 90.0, 95.0, 99.0, 99.9, 100.0] selected
[2020-10-26 11:40:33,018 DEBUG Engine] Module config: monitoring {'class': 'bzt.modules.monitoring.Monitoring'}
[2020-10-26 11:40:33,018 DEBUG root] Importing module: bzt.modules.monitoring
[2020-10-26 11:40:33,020 DEBUG root] Loading class: 'Monitoring' from <module 'bzt.modules.monitoring' from '/home/taras/Projects/taurus/bzt/modules/monitoring.py'>
[2020-10-26 11:40:33,020 DEBUG Engine] Module config: local {'class': 'bzt.modules.provisioning.Local'}
[2020-10-26 11:40:33,020 DEBUG root] Importing module: bzt.modules.provisioning
[2020-10-26 11:40:33,020 DEBUG root] Loading class: 'Local' from <module 'bzt.modules.provisioning' from '/home/taras/Projects/taurus/bzt/modules/provisioning.py'>
[2020-10-26 11:40:33,020 ERROR root] Config Error: No 'execution' is configured. Did you forget to pass config files?
[2020-10-26 11:40:33,021 DEBUG root] TaurusConfigError: No 'execution' is configured. Did you forget to pass config files?
  File "/home/taras/Projects/taurus/bzt/cli.py", line 261, in perform
    self.engine.prepare()
  File "/home/taras/Projects/taurus/bzt/engine/engine.py", line 216, in prepare
    self.__prepare_provisioning()
  File "/home/taras/Projects/taurus/bzt/engine/engine.py", line 619, in __prepare_provisioning
    self.provisioning.prepare()
  File "/home/taras/Projects/taurus/bzt/modules/provisioning.py", line 69, in prepare
    super(Local, self).prepare()
  File "/home/taras/Projects/taurus/bzt/engine/modules.py", line 128, in prepare
    raise exc
[2020-10-26 11:40:33,021 INFO Engine] Post-processing...
[2020-10-26 11:40:33,021 DEBUG Engine.consolidator] Consolidator buffer[0]: dict_keys([])
[2020-10-26 11:40:33,022 DEBUG Engine.Configuration] Dumping YAML config into /home/taras/Projects/taurus/2020-10-26_11-40-32.804612/effective.yml
[2020-10-26 11:40:33,034 DEBUG Engine.Configuration] Dumping JSON config into /home/taras/Projects/taurus/2020-10-26_11-40-32.804612/effective.json
[2020-10-26 11:40:33,034 INFO root] Artifacts dir: /home/taras/Projects/taurus/2020-10-26_11-40-32.804612
[2020-10-26 11:40:33,034 WARNING root] Done performing with code: 1
[2020-10-26 11:40:33,034 DEBUG root] Closing log handler: /home/taras/Projects/taurus/2020-10-26_11-40-32.804612/bzt.log
